Base path: D:/Program Files (x86)/Unity5/Editor/Data
Pipe name: \\.\pipe\UnityShaderCompiler-64bit-1-8872
Cmd: getPlatforms
Cmd: preprocess
  insize=3572 outsize=1620 ok=1
Cmd: compileSnippet
  api=4 type=0 insize=2256 outsize=1363 kw=_TEX_OFF _COLOR_OFF ok=1
Cmd: compileSnippet
  api=4 type=1 insize=2256 outsize=713 kw=_TEX_OFF _COLOR_OFF ok=1
Cmd: preprocess
  insize=2391 outsize=1673 ok=1
Cmd: compileSnippet
  api=4 type=0 insize=1020 outsize=1038 kw= ok=1
Cmd: compileSnippet
  api=4 type=1 insize=1020 outsize=453 kw= ok=1
Cmd: compileSnippet
  api=4 type=0 insize=541 outsize=3517 kw=SHADOWS_DEPTH ok=1
Cmd: compileSnippet
  api=4 type=1 insize=541 outsize=437 kw=SHADOWS_DEPTH ok=1
Cmd: compileSnippet
  api=4 type=0 insize=2256 outsize=1583 kw=_COLOR_OFF _TEX_ON ok=1
Cmd: compileSnippet
  api=4 type=1 insize=2256 outsize=973 kw=_COLOR_OFF _TEX_ON ok=1
Cmd: compileSnippet
  api=4 type=0 insize=959 outsize=1071 kw= ok=1
Cmd: compileSnippet
  api=4 type=1 insize=959 outsize=600 kw= ok=1
